2024-07-28 15:16:27 INFO  c.g.d.desafio.DesafioApplication - Starting DesafioApplication using Java 17.0.10 with PID 43384 (C:\Users\silva\Projects\desafio\build\classes\java\main started by silva in C:\Users\silva\Projects\desafio)
2024-07-28 15:16:27 INFO  c.g.d.desafio.DesafioApplication - No active profile set, falling back to 1 default profile: "default"
2024-07-28 15:16:29 INFO  o.s.b.w.e.tomcat.TomcatWebServer - Tomcat initialized with port 8080 (http)
2024-07-28 15:16:29 INFO  o.a.coyote.http11.Http11NioProtocol - Initializing ProtocolHandler ["http-nio-8080"]
2024-07-28 15:16:29 INFO  o.a.catalina.core.StandardService - Starting service [Tomcat]
2024-07-28 15:16:29 INFO  o.a.catalina.core.StandardEngine - Starting Servlet engine: [Apache Tomcat/10.1.25]
2024-07-28 15:16:29 INFO  o.a.c.c.C.[Tomcat].[localhost].[/] - Initializing Spring embedded WebApplicationContext
2024-07-28 15:16:29 INFO  o.s.b.w.s.c.ServletWebServerApplicationContext - Root WebApplicationContext: initialization completed in 2388 ms
2024-07-28 15:16:30 INFO  o.a.coyote.http11.Http11NioProtocol - Starting ProtocolHandler ["http-nio-8080"]
2024-07-28 15:16:30 INFO  o.s.b.w.e.tomcat.TomcatWebServer - Tomcat started on port 8080 (http) with context path '/'
2024-07-28 15:16:30 INFO  c.g.d.desafio.DesafioApplication - Started DesafioApplication in 4.11 seconds (process running for 5.031)
2024-07-28 15:16:46 INFO  o.a.c.c.C.[Tomcat].[localhost].[/] - Initializing Spring DispatcherServlet 'dispatcherServlet'
2024-07-28 15:16:46 INFO  o.s.web.servlet.DispatcherServlet - Initializing Servlet 'dispatcherServlet'
2024-07-28 15:16:46 INFO  o.s.web.servlet.DispatcherServlet - Completed initialization in 1 ms
2024-07-28 15:16:46 INFO  c.g.d.d.s.impl.TokenServiceImpl - Token não possui um formato válido
2024-07-28 15:17:21 INFO  c.g.d.desafio.DesafioApplication - Starting DesafioApplication using Java 17.0.10 with PID 45776 (C:\Users\silva\Projects\desafio\build\classes\java\main started by silva in C:\Users\silva\Projects\desafio)
2024-07-28 15:17:21 INFO  c.g.d.desafio.DesafioApplication - No active profile set, falling back to 1 default profile: "default"
2024-07-28 15:17:23 INFO  o.s.b.w.e.tomcat.TomcatWebServer - Tomcat initialized with port 8080 (http)
2024-07-28 15:17:23 INFO  o.a.coyote.http11.Http11NioProtocol - Initializing ProtocolHandler ["http-nio-8080"]
2024-07-28 15:17:23 INFO  o.a.catalina.core.StandardService - Starting service [Tomcat]
2024-07-28 15:17:23 INFO  o.a.catalina.core.StandardEngine - Starting Servlet engine: [Apache Tomcat/10.1.25]
2024-07-28 15:17:23 INFO  o.a.c.c.C.[Tomcat].[localhost].[/] - Initializing Spring embedded WebApplicationContext
2024-07-28 15:17:23 INFO  o.s.b.w.s.c.ServletWebServerApplicationContext - Root WebApplicationContext: initialization completed in 2006 ms
2024-07-28 15:17:24 INFO  o.a.coyote.http11.Http11NioProtocol - Starting ProtocolHandler ["http-nio-8080"]
2024-07-28 15:17:24 INFO  o.s.b.w.e.tomcat.TomcatWebServer - Tomcat started on port 8080 (http) with context path '/'
2024-07-28 15:17:24 INFO  c.g.d.desafio.DesafioApplication - Started DesafioApplication in 3.482 seconds (process running for 4.118)
2024-07-28 15:18:55 INFO  c.g.d.desafio.DesafioApplication - Starting DesafioApplication using Java 17.0.10 with PID 36336 (C:\Users\silva\Projects\desafio\build\classes\java\main started by silva in C:\Users\silva\Projects\desafio)
2024-07-28 15:18:55 INFO  c.g.d.desafio.DesafioApplication - No active profile set, falling back to 1 default profile: "default"
2024-07-28 15:18:57 INFO  o.s.b.w.e.tomcat.TomcatWebServer - Tomcat initialized with port 8080 (http)
2024-07-28 15:18:57 INFO  o.a.coyote.http11.Http11NioProtocol - Initializing ProtocolHandler ["http-nio-8080"]
2024-07-28 15:18:57 INFO  o.a.catalina.core.StandardService - Starting service [Tomcat]
2024-07-28 15:18:57 INFO  o.a.catalina.core.StandardEngine - Starting Servlet engine: [Apache Tomcat/10.1.25]
2024-07-28 15:18:57 INFO  o.a.c.c.C.[Tomcat].[localhost].[/] - Initializing Spring embedded WebApplicationContext
2024-07-28 15:18:57 INFO  o.s.b.w.s.c.ServletWebServerApplicationContext - Root WebApplicationContext: initialization completed in 1989 ms
2024-07-28 15:18:58 INFO  o.a.coyote.http11.Http11NioProtocol - Starting ProtocolHandler ["http-nio-8080"]
2024-07-28 15:18:58 INFO  o.s.b.w.e.tomcat.TomcatWebServer - Tomcat started on port 8080 (http) with context path '/'
2024-07-28 15:18:58 INFO  c.g.d.desafio.DesafioApplication - Started DesafioApplication in 3.431 seconds (process running for 4.229)
2024-07-28 15:19:48 INFO  c.g.d.desafio.DesafioApplication - Starting DesafioApplication using Java 17.0.10 with PID 37952 (C:\Users\silva\Projects\desafio\build\classes\java\main started by silva in C:\Users\silva\Projects\desafio)
2024-07-28 15:19:48 INFO  c.g.d.desafio.DesafioApplication - No active profile set, falling back to 1 default profile: "default"
2024-07-28 15:19:50 INFO  o.s.b.w.e.tomcat.TomcatWebServer - Tomcat initialized with port 8080 (http)
2024-07-28 15:19:50 INFO  o.a.coyote.http11.Http11NioProtocol - Initializing ProtocolHandler ["http-nio-8080"]
2024-07-28 15:19:50 INFO  o.a.catalina.core.StandardService - Starting service [Tomcat]
2024-07-28 15:19:50 INFO  o.a.catalina.core.StandardEngine - Starting Servlet engine: [Apache Tomcat/10.1.25]
2024-07-28 15:19:50 INFO  o.a.c.c.C.[Tomcat].[localhost].[/] - Initializing Spring embedded WebApplicationContext
2024-07-28 15:19:50 INFO  o.s.b.w.s.c.ServletWebServerApplicationContext - Root WebApplicationContext: initialization completed in 2034 ms
2024-07-28 15:19:51 INFO  o.a.coyote.http11.Http11NioProtocol - Starting ProtocolHandler ["http-nio-8080"]
2024-07-28 15:19:51 INFO  o.s.b.w.e.tomcat.TomcatWebServer - Tomcat started on port 8080 (http) with context path '/'
2024-07-28 15:19:51 INFO  c.g.d.desafio.DesafioApplication - Started DesafioApplication in 3.542 seconds (process running for 4.058)
2024-07-28 15:20:41 INFO  c.g.d.desafio.DesafioApplication - Starting DesafioApplication using Java 17.0.10 with PID 46996 (C:\Users\silva\Projects\desafio\build\classes\java\main started by silva in C:\Users\silva\Projects\desafio)
2024-07-28 15:20:41 INFO  c.g.d.desafio.DesafioApplication - No active profile set, falling back to 1 default profile: "default"
2024-07-28 15:20:43 INFO  o.s.b.w.e.tomcat.TomcatWebServer - Tomcat initialized with port 8080 (http)
2024-07-28 15:20:43 INFO  o.a.coyote.http11.Http11NioProtocol - Initializing ProtocolHandler ["http-nio-8080"]
2024-07-28 15:20:43 INFO  o.a.catalina.core.StandardService - Starting service [Tomcat]
2024-07-28 15:20:43 INFO  o.a.catalina.core.StandardEngine - Starting Servlet engine: [Apache Tomcat/10.1.25]
2024-07-28 15:20:43 INFO  o.a.c.c.C.[Tomcat].[localhost].[/] - Initializing Spring embedded WebApplicationContext
2024-07-28 15:20:43 INFO  o.s.b.w.s.c.ServletWebServerApplicationContext - Root WebApplicationContext: initialization completed in 1619 ms
2024-07-28 15:20:43 INFO  o.a.coyote.http11.Http11NioProtocol - Starting ProtocolHandler ["http-nio-8080"]
2024-07-28 15:20:44 INFO  o.s.b.w.e.tomcat.TomcatWebServer - Tomcat started on port 8080 (http) with context path '/'
2024-07-28 15:20:44 INFO  c.g.d.desafio.DesafioApplication - Started DesafioApplication in 2.84 seconds (process running for 3.306)
2024-07-28 15:20:51 INFO  o.a.c.c.C.[Tomcat].[localhost].[/] - Initializing Spring DispatcherServlet 'dispatcherServlet'
2024-07-28 15:20:51 INFO  o.s.web.servlet.DispatcherServlet - Initializing Servlet 'dispatcherServlet'
2024-07-28 15:20:51 INFO  o.s.web.servlet.DispatcherServlet - Completed initialization in 1 ms
2024-07-28 15:20:51 INFO  c.g.d.d.s.impl.TokenServiceImpl - Token não possui um formato válido
